21:45:03.423 [main] INFO  phone.book.Main - logback: Starting Main using Java 22.0.2 with PID 17404 (H:\JAVA_couse\HW_045_журналирование\homework\phone.book\target\classes started by NAM in H:\JAVA_couse\HW_045_журналирование\homework\phone.book)
21:45:03.423 [main] INFO  phone.book.Main - logback: No active profile set, falling back to 1 default profile: "default"
21:45:04.692 [main] INFO  o.s.b.w.e.tomcat.TomcatWebServer - logback: Tomcat initialized with port 8080 (http)
21:45:04.692 [main] INFO  o.a.coyote.http11.Http11NioProtocol - logback: Initializing ProtocolHandler ["http-nio-8080"]
21:45:04.707 [main] INFO  o.a.catalina.core.StandardService - logback: Starting service [Tomcat]
21:45:04.707 [main] INFO  o.a.catalina.core.StandardEngine - logback: Starting Servlet engine: [Apache Tomcat/10.1.28]
21:45:04.785 [main] INFO  o.a.c.c.C.[Tomcat].[localhost].[/] - logback: Initializing Spring embedded WebApplicationContext
21:45:04.785 [main] INFO  o.s.b.w.s.c.ServletWebServerApplicationContext - logback: Root WebApplicationContext: initialization completed in 1315 ms
21:45:04.895 [main] INFO  org.hibernate.Version - logback: HHH000412: Hibernate ORM core version 5.6.15.Final
21:45:05.301 [main] INFO  o.h.annotations.common.Version - logback: HCANN000001: Hibernate Commons Annotations {5.1.2.Final}
21:45:05.395 [main] INFO  o.hibernate.orm.connections.pooling - logback: HHH10001005: using driver [org.postgresql.Driver] at URL [jdbc:postgresql://localhost:5432/contacts_book]
21:45:05.395 [main] INFO  o.hibernate.orm.connections.pooling - logback: HHH10001001: Connection properties: {password=123, user=nam}
21:45:05.395 [main] INFO  o.hibernate.orm.connections.pooling - logback: HHH10001003: Autocommit mode: false
21:45:05.395 [main] INFO  o.h.e.j.c.i.DriverManagerConnectionProviderImpl - logback: HHH000115: Hibernate connection pool size: 20 (min=1)
21:45:05.590 [main] INFO  org.hibernate.dialect.Dialect - logback: HHH000400: Using dialect: org.hibernate.dialect.PostgreSQL95Dialect
21:45:06.122 [main] INFO  o.h.e.t.j.p.i.JtaPlatformInitiator - logback: HHH000490: Using JtaPlatform implementation: [org.hibernate.engine.transaction.jta.platform.internal.NoJtaPlatform]
21:45:06.465 [main] INFO  o.a.coyote.http11.Http11NioProtocol - logback: Starting ProtocolHandler ["http-nio-8080"]
21:45:06.481 [main] INFO  o.s.b.w.e.tomcat.TomcatWebServer - logback: Tomcat started on port 8080 (http) with context path '/'
21:45:06.512 [main] INFO  phone.book.Main - logback: Started Main in 3.635 seconds (process running for 4.43)
21:45:06.512 [main] INFO  phone.book.ContactDao - logback: Start creating new contact with data=
PersonContact{contactId=0, name='Мария', surename='Швецова', phoneNumber='71234567890', email='MarijaShvetsova@pochta.org'}
21:45:06.590 [main] INFO  phone.book.ContactDao - logback: Создается контакт=
PersonContact{contactId=0, name='Мария', surename='Швецова', phoneNumber='71234567890', email='MarijaShvetsova@pochta.org'}
21:45:06.637 [main] INFO  phone.book.ContactDao - logback: Создан контакт=
PersonContact{contactId=104, name='Мария', surename='Швецова', phoneNumber='71234567890', email='MarijaShvetsova@pochta.org'}
21:45:08.872 [SpringApplicationShutdownHook] INFO  o.hibernate.orm.connections.pooling - logback: HHH10001008: Cleaning up connection pool [jdbc:postgresql://localhost:5432/contacts_book]
